<?xml version="1.0" encoding="UTF-8"?>
<!-- Generated by org.testng.reporters.JUnitReportReporter -->
<testsuite hostname="TAUQUEER-PC" failures="3" tests="3" name="stepdefinations.TestRunner" time="23.043" errors="0" timestamp="2024-03-18T11:19:29 IST" skipped="0">
  <testcase classname="stepdefinations.TestRunner" name="runScenario" time="8.277">
    <failure message="CAPTCHA cannot be automated. Please stop and retry execution expected [true] but found [false]" type="java.lang.AssertionError">
      <![CDATA[java.lang.AssertionError: CAPTCHA cannot be automated. Please stop and retry execution expected [true] but found [false]
at org.testng.Assert.fail(Assert.java:111)
at org.testng.Assert.failNotEquals(Assert.java:1578)
at org.testng.Assert.assertTrue(Assert.java:57)
at stepdefinations.AddToCartStepDefination.user_is_on_amazon_landing_page(AddToCartStepDefination.java:74)
at ✽.user is on Amazon Landing Page(file:///E:/Repo/git/repository/assessment/src/test/resources/features/adding_2_iem_in_Cart.feature:4)
]]>
    </failure>
  </testcase> <!-- runScenario -->
  <testcase classname="stepdefinations.TestRunner" name="runScenario" time="7.322">
    <failure message="CAPTCHA cannot be automated. Please stop and retry execution expected [true] but found [false]" type="java.lang.AssertionError">
      <![CDATA[java.lang.AssertionError: CAPTCHA cannot be automated. Please stop and retry execution expected [true] but found [false]
at org.testng.Assert.fail(Assert.java:111)
at org.testng.Assert.failNotEquals(Assert.java:1578)
at org.testng.Assert.assertTrue(Assert.java:57)
at stepdefinations.AddToCartStepDefination.user_is_on_amazon_landing_page(AddToCartStepDefination.java:74)
at ✽.user is on Amazon Landing Page(file:///E:/Repo/git/repository/assessment/src/test/resources/features/adding_Laptop_to_Cart.feature:4)
]]>
    </failure>
  </testcase> <!-- runScenario -->
  <testcase classname="stepdefinations.TestRunner" name="runScenario" time="7.444">
    <failure message="CAPTCHA cannot be automated. Please stop and retry execution expected [true] but found [false]" type="java.lang.AssertionError">
      <![CDATA[java.lang.AssertionError: CAPTCHA cannot be automated. Please stop and retry execution expected [true] but found [false]
at org.testng.Assert.fail(Assert.java:111)
at org.testng.Assert.failNotEquals(Assert.java:1578)
at org.testng.Assert.assertTrue(Assert.java:57)
at stepdefinations.AddToCartStepDefination.user_is_on_amazon_landing_page(AddToCartStepDefination.java:74)
at ✽.user is on Amazon Landing Page(file:///E:/Repo/git/repository/assessment/src/test/resources/features/adding_Monitor_to_Cart.feature:4)
]]>
    </failure>
  </testcase> <!-- runScenario -->
</testsuite> <!-- stepdefinations.TestRunner -->
