<?xml version="1.0" encoding="UTF-8"?>
<!-- Generated by org.testng.reporters.JUnitReportReporter -->
<testsuite hostname="TAUQUEER-PC" failures="0" tests="1" name="com.sample.test.MyTest" time="110.575" errors="0" timestamp="2024-03-18T12:34:31 IST" skipped="0">
  <testcase classname="com.sample.test.MyTest" name="justTest" time="110.575"/>
</testsuite> <!-- com.sample.test.MyTest -->
