<?xml version="1.0" encoding="UTF-8"?>
<!-- Generated by org.testng.reporters.JUnitReportReporter -->
<testsuite hostname="TAUQUEER-PC" failures="0" tests="1" name="com.sample.test.MyTest" time="10.947" errors="0" timestamp="2024-03-18T11:28:07 IST" skipped="0">
  <testcase classname="com.sample.test.MyTest" name="justTest" time="10.947"/>
</testsuite> <!-- com.sample.test.MyTest -->
