<?xml version="1.0" encoding="UTF-8"?>
<!-- Generated by org.testng.reporters.JUnitReportReporter -->
<testsuite hostname="TAUQUEER-PC" failures="0" tests="1" name="com.sample.test.MyTest2" time="38.924" errors="0" timestamp="2024-03-18T14:52:17 IST" skipped="0">
  <testcase classname="com.sample.test.MyTest2" name="justTest" time="38.924"/>
</testsuite> <!-- com.sample.test.MyTest2 -->
