<?xml version="1.0" encoding="UTF-8"?>
<!-- Generated by org.testng.reporters.JUnitReportReporter -->
<testsuite hostname="TAUQUEER-PC" failures="0" tests="1" name="sample.MyTest" time="10.865" errors="0" timestamp="2024-03-18T10:47:46 IST" skipped="0">
  <testcase classname="sample.MyTest" name="justTest" time="10.865"/>
</testsuite> <!-- sample.MyTest -->
