<?xml version="1.0" encoding="UTF-8"?>
<!-- Generated by org.testng.reporters.JUnitReportReporter -->
<testsuite hostname="TAUQUEER-PC" failures="0" tests="1" name="StepDefination.MyTest" time="14.363" errors="0" timestamp="2024-03-17T16:15:08 IST" skipped="0">
  <testcase classname="StepDefination.MyTest" name="justTest" time="14.363"/>
</testsuite> <!-- StepDefination.MyTest -->
