<?xml version="1.0" encoding="UTF-8"?>
<!-- Generated by org.testng.reporters.JUnitReportReporter -->
<testsuite hostname="TAUQUEER-PC" failures="0" tests="3" name="stepdefinations.TestRunner" time="63.853" errors="0" timestamp="2024-03-18T15:17:50 IST" skipped="0">
  <testcase classname="stepdefinations.TestRunner" name="runScenario" time="12.324"/>
  <testcase classname="stepdefinations.TestRunner" name="runScenario" time="22.513"/>
  <testcase classname="stepdefinations.TestRunner" name="runScenario" time="29.016"/>
</testsuite> <!-- stepdefinations.TestRunner -->
